2026年  4月 13日 月曜日 09:00:01 JST: ⏳ Waiting for 599 seconds before execution...
🔄 ChromeDriverを設定しています...
ChromeDriver Path: /home/ichikabu/opt/chrome-for-testing/147/chromedriver-linux64/chromedriver
🌐 Chromeブラウザを起動中...
🔑 楽天のログインページにアクセスしています...
📝 ログイン情報を入力しました。ログイン完了を待機中...
🎁 ラッキーくじ一覧ページを開きます...
🔄 くじのリンクを抽出して別タブで順次開きます...
📖 keywords.txt から検索キーワードを抽出します...
抽出されたくじリンクの数: 0件
🔍 キーワード検索の前に、Web検索のトップページでログイン連携を行います...
🔗 「ログイン」ボタンを検知しました。クリックして認証状態を紐付けます...
🔍 続いて、キーワード検索（合計 5 件）を同一タブで実行します...
[1/5] 検索を実行しています: https://websearch.rakuten.co.jp/Web?qt=%E7%94%A8%E5%AE%9F%E7%B8%BE%E3%82%84%E3%83%8B%E3%83%BC%E3%82%BA%E7%AD%89%E3%82%92%E8%B8%8F%E3%81%BE%E3%81%88%E6%A4%9C%E8%A8%8E%E3%81%97%E3%81%BE%E3%81%99%E3%80%82&query=%E7%94%A8%E5%AE%9F%E7%B8%BE%E3%82%84%E3%83%8B%E3%83%BC%E3%82%BA%E7%AD%89%E3%82%92%E8%B8%8F%E3%81%BE%E3%81%88%E6%A4%9C%E8%A8%8E%E3%81%97%E3%81%BE%E3%81%99%E3%80%82&ref=top&col=OW&svx=101210&x=0&y=0
  ⏳ 次のキーワード検索まで約 12 秒待機します...
[2/5] 検索を実行しています: https://websearch.rakuten.co.jp/Web?qt=%E3%82%B9%EF%BC%89%E3%81%AE%E6%8E%A8%E9%80%B2&query=%E3%82%B9%EF%BC%89%E3%81%AE%E6%8E%A8%E9%80%B2&ref=top&col=OW&svx=101210&x=0&y=0
  ⏳ 次のキーワード検索まで約 14 秒待機します...
[3/5] 検索を実行しています: https://websearch.rakuten.co.jp/Web?qt=%E8%B3%87%E6%BA%90%E5%BE%AA%E7%92%B0%E5%88%86%E9%87%8E%E3%81%AE%E9%AB%98%E5%BA%A6%E5%8C%96%E3%81%A8%E6%8B%85%E3%81%84%E6%89%8B%E4%B8%8D%E8%B6%B3%E3%81%B8%E3%81%AE%E5%AF%BE%E5%BF%9C&query=%E8%B3%87%E6%BA%90%E5%BE%AA%E7%92%B0%E5%88%86%E9%87%8E%E3%81%AE%E9%AB%98%E5%BA%A6%E5%8C%96%E3%81%A8%E6%8B%85%E3%81%84%E6%89%8B%E4%B8%8D%E8%B6%B3%E3%81%B8%E3%81%AE%E5%AF%BE%E5%BF%9C&ref=top&col=OW&svx=101210&x=0&y=0
  ⏳ 次のキーワード検索まで約 11 秒待機します...
[4/5] 検索を実行しています: https://websearch.rakuten.co.jp/Web?qt=7%20%E7%B5%8C%E6%B8%88%E3%81%82%E3%81%A3%E3%81%A6%E3%81%AE%E8%B2%A1%E6%94%BF&query=7%20%E7%B5%8C%E6%B8%88%E3%81%82%E3%81%A3%E3%81%A6%E3%81%AE%E8%B2%A1%E6%94%BF&ref=top&col=OW&svx=101210&x=0&y=0
  ⏳ 次のキーワード検索まで約 16 秒待機します...
[5/5] 検索を実行しています: https://websearch.rakuten.co.jp/Web?qt=%E6%9D%B1%E4%BA%AC%E4%B8%80%E6%A5%B5%E9%9B%86%E4%B8%AD%E3%81%AB%E6%AD%AF%E6%AD%A2%E3%82%81%E3%82%92%E3%81%8B%E3%81%91%E3%80%81%E9%AD%85%E5%8A%9B%E3%81%82%E3%82%8B%E5%9C%B0%E6%96%B9&query=%E6%9D%B1%E4%BA%AC%E4%B8%80%E6%A5%B5%E9%9B%86%E4%B8%AD%E3%81%AB%E6%AD%AF%E6%AD%A2%E3%82%81%E3%82%92%E3%81%8B%E3%81%91%E3%80%81%E9%AD%85%E5%8A%9B%E3%81%82%E3%82%8B%E5%9C%B0%E6%96%B9&ref=top&col=OW&svx=101210&x=0&y=0
✅ 完了しました！ブラウザはこのまま手動で操作できます。（Ctrl+Cで終了すると一時的にブラウザが閉じる可能性があります）
2026年  4月 14日 火曜日 09:00:01 JST: ⏳ Waiting for 3058 seconds before execution...
🔄 ChromeDriverを設定しています...
ChromeDriver Path: /home/ichikabu/opt/chrome-for-testing/147/chromedriver-linux64/chromedriver
🌐 Chromeブラウザを起動中...
🔑 楽天のログインページにアクセスしています...
📝 ログイン情報を入力しました。ログイン完了を待機中...
🎁 ラッキーくじ一覧ページを開きます...
🔄 くじのリンクを抽出して別タブで順次開きます...
📖 keywords.txt から検索キーワードを抽出します...
抽出されたくじリンクの数: 0件
🔍 キーワード検索の前に、Web検索のトップページでログイン連携を行います...
🔗 「ログイン」ボタンを検知しました。クリックして認証状態を紐付けます...
🔍 続いて、キーワード検索（合計 5 件）を同一タブで実行します...
[1/5] 検索を実行しています: https://websearch.rakuten.co.jp/Web?qt=%E3%81%BE%E3%81%9F%E3%80%81%E3%82%BB%E3%83%AB%E3%83%95%E3%82%B1%E3%82%A2%E3%83%BB%E3%82%BB%E3%83%AB%E3%83%95%E3%83%A1%E3%83%87%E3%82%A3%E3%82%B1%E3%83%BC%E3%82%B7%E3%83%A7%E3%83%B3&query=%E3%81%BE%E3%81%9F%E3%80%81%E3%82%BB%E3%83%AB%E3%83%95%E3%82%B1%E3%82%A2%E3%83%BB%E3%82%BB%E3%83%AB%E3%83%95%E3%83%A1%E3%83%87%E3%82%A3%E3%82%B1%E3%83%BC%E3%82%B7%E3%83%A7%E3%83%B3&ref=top&col=OW&svx=101210&x=0&y=0
  ⏳ 次のキーワード検索まで約 10 秒待機します...
[2/5] 検索を実行しています: https://websearch.rakuten.co.jp/Web?qt=%E3%81%95%E3%82%89%E3%81%AB%E3%80%81%E5%9C%B0%E5%9F%9F%E7%A4%BE%E4%BC%9A%E3%81%AE%E7%B6%AD%E6%8C%81%E3%81%AB%E8%B3%87%E3%81%99%E3%82%8B%E7%94%9F%E6%B4%BB%E3%81%AE%E5%88%A9%E4%BE%BF&query=%E3%81%95%E3%82%89%E3%81%AB%E3%80%81%E5%9C%B0%E5%9F%9F%E7%A4%BE%E4%BC%9A%E3%81%AE%E7%B6%AD%E6%8C%81%E3%81%AB%E8%B3%87%E3%81%99%E3%82%8B%E7%94%9F%E6%B4%BB%E3%81%AE%E5%88%A9%E4%BE%BF&ref=top&col=OW&svx=101210&x=0&y=0
  ⏳ 次のキーワード検索まで約 14 秒待機します...
[3/5] 検索を実行しています: https://websearch.rakuten.co.jp/Web?qt=%E3%81%BF%E3%82%92%E7%B7%8F%E5%90%88%E7%9A%84%E3%81%AB%E6%8E%A8%E9%80%B2%E3%81%97%E3%81%BE%E3%81%99%E3%80%82&query=%E3%81%BF%E3%82%92%E7%B7%8F%E5%90%88%E7%9A%84%E3%81%AB%E6%8E%A8%E9%80%B2%E3%81%97%E3%81%BE%E3%81%99%E3%80%82&ref=top&col=OW&svx=101210&x=0&y=0
  ⏳ 次のキーワード検索まで約 19 秒待機します...
[4/5] 検索を実行しています: https://websearch.rakuten.co.jp/Web?qt=%E7%AD%96%E3%82%92%E6%8E%A8%E9%80%B2%E3%81%97%E3%81%BE%E3%81%99%E3%80%82&query=%E7%AD%96%E3%82%92%E6%8E%A8%E9%80%B2%E3%81%97%E3%81%BE%E3%81%99%E3%80%82&ref=top&col=OW&svx=101210&x=0&y=0
  ⏳ 次のキーワード検索まで約 16 秒待機します...
[5/5] 検索を実行しています: https://websearch.rakuten.co.jp/Web?qt=%E3%81%95%E3%82%89%E3%81%AB%E3%80%81%E3%82%B7%E3%82%B9%E3%83%86%E3%83%A0%E3%83%99%E3%83%B3%E3%83%80%E3%81%AB%E3%81%A8%E3%81%A3%E3%81%A6%E3%81%AF%E3%80%81%E5%8C%BB%E7%99%82%E6%A9%9F&query=%E3%81%95%E3%82%89%E3%81%AB%E3%80%81%E3%82%B7%E3%82%B9%E3%83%86%E3%83%A0%E3%83%99%E3%83%B3%E3%83%80%E3%81%AB%E3%81%A8%E3%81%A3%E3%81%A6%E3%81%AF%E3%80%81%E5%8C%BB%E7%99%82%E6%A9%9F&ref=top&col=OW&svx=101210&x=0&y=0
✅ 完了しました！ブラウザはこのまま手動で操作できます。（Ctrl+Cで終了すると一時的にブラウザが閉じる可能性があります）
2026年  4月 15日 水曜日 09:00:01 JST: ⏳ Waiting for 1748 seconds before execution...
🔄 ChromeDriverを設定しています...
ChromeDriver Path: /home/ichikabu/opt/chrome-for-testing/147/chromedriver-linux64/chromedriver
🌐 Chromeブラウザを起動中...
🔑 楽天のログインページにアクセスしています...
📝 ログイン情報を入力しました。ログイン完了を待機中...
🎁 ラッキーくじ一覧ページを開きます...
🌐 楽天ラッキーくじ一覧を別タブで開いています...
🔄 くじのリンクを抽出して別タブで順次開きます...
📖 keywords.txt から検索キーワードを抽出します...
抽出されたくじリンクの数: 13件
[1/13] くじを別タブで開いています: https://kuji.rakuten.co.jp/list
  ⏳ 次のくじタブを開くまで約 10 秒待機します...
[2/13] くじを別タブで開いています: https://kuji.rakuten.co.jp/7393386d27
  ⏳ 次のくじタブを開くまで約 18 秒待機します...
[3/13] くじを別タブで開いています: https://kuji.rakuten.co.jp/889373540e
  ⏳ 次のくじタブを開くまで約 4 秒待機します...
[4/13] くじを別タブで開いています: https://kuji.rakuten.co.jp/4351057845/?scid=wi_grp_gmx_too_rjl
  ⏳ 次のくじタブを開くまで約 14 秒待機します...
[5/13] くじを別タブで開いています: https://kuji.rakuten.co.jp/6e7329f994
  ⏳ 次のくじタブを開くまで約 13 秒待機します...
[6/13] くじを別タブで開いています: https://kuji.rakuten.co.jp/18584163d
  ⏳ 次のくじタブを開くまで約 19 秒待機します...
[7/13] くじを別タブで開いています: https://kuji.rakuten.co.jp/c8437c01c5
  ⏳ 次のくじタブを開くまで約 5 秒待機します...
[8/13] くじを別タブで開いています: https://kuji.rakuten.co.jp/46211bf9dd
  ⏳ 次のくじタブを開くまで約 15 秒待機します...
[9/13] くじを別タブで開いています: https://kuji.rakuten.co.jp/26e390eccf?scid=wwkuji_rakuma_luckylottery
  ⏳ 次のくじタブを開くまで約 8 秒待機します...
[10/13] くじを別タブで開いています: https://kuji.rakuten.co.jp/5f93b1fd01
  ⏳ 次のくじタブを開くまで約 19 秒待機します...
[11/13] くじを別タブで開いています: https://kuji.rakuten.co.jp/86c40aca5f/
  ⏳ 次のくじタブを開くまで約 10 秒待機します...
[12/13] くじを別タブで開いています: https://kuji.rakuten.co.jp/7e14010b80/
  ⏳ 次のくじタブを開くまで約 13 秒待機します...
[13/13] くじを別タブで開いています: https://kuji.rakuten.co.jp/e5741cf5af
  ⏳ 次のくじタブを開くまで約 5 秒待機します...
🔍 キーワード検索の前に、Web検索のトップページでログイン連携を行います...
🔗 「ログイン」ボタンを検知しました。クリックして認証状態を紐付けます...
🔍 続いて、キーワード検索（合計 5 件）を同一タブで実行します...
[1/5] 検索を実行しています: https://websearch.rakuten.co.jp/Web?qt=%E5%8C%97%E6%9C%9D%E9%AE%AE%E3%81%AB%E3%82%88%E3%82%8B%E6%8B%89%E8%87%B4%E5%95%8F%E9%A1%8C%E3%81%AF%E4%B8%80%E5%88%BB%E3%82%82%E6%97%A9%E3%81%8F%E8%A7%A3%E6%B1%BA%E3%81%97%E3%81%AA&query=%E5%8C%97%E6%9C%9D%E9%AE%AE%E3%81%AB%E3%82%88%E3%82%8B%E6%8B%89%E8%87%B4%E5%95%8F%E9%A1%8C%E3%81%AF%E4%B8%80%E5%88%BB%E3%82%82%E6%97%A9%E3%81%8F%E8%A7%A3%E6%B1%BA%E3%81%97%E3%81%AA&ref=top&col=OW&svx=101210&x=0&y=0
  ⏳ 次のキーワード検索まで約 13 秒待機します...
[2/5] 検索を実行しています: https://websearch.rakuten.co.jp/Web?qt=304%20%E8%BE%B2%E6%A5%AD%E6%A7%8B%E9%80%A0%E8%BB%A2%E6%8F%9B%E9%9B%86%E4%B8%AD%E5%AF%BE%E7%AD%96&query=304%20%E8%BE%B2%E6%A5%AD%E6%A7%8B%E9%80%A0%E8%BB%A2%E6%8F%9B%E9%9B%86%E4%B8%AD%E5%AF%BE%E7%AD%96&ref=top&col=OW&svx=101210&x=0&y=0
  ⏳ 次のキーワード検索まで約 16 秒待機します...
[3/5] 検索を実行しています: https://websearch.rakuten.co.jp/Web?qt=%E5%9C%B0%E5%9F%9F%E5%8C%BB%E7%99%82%E3%81%AB%E6%94%AF%E9%9A%9C%E3%82%92%E6%9D%A5%E3%81%95%E3%81%9A%E3%80%81%E3%81%8B%E3%81%A4%E3%80%81%E5%A4%96%E5%9B%BD%E4%BA%BA%E6%82%A3%E8%80%85&query=%E5%9C%B0%E5%9F%9F%E5%8C%BB%E7%99%82%E3%81%AB%E6%94%AF%E9%9A%9C%E3%82%92%E6%9D%A5%E3%81%95%E3%81%9A%E3%80%81%E3%81%8B%E3%81%A4%E3%80%81%E5%A4%96%E5%9B%BD%E4%BA%BA%E6%82%A3%E8%80%85&ref=top&col=OW&svx=101210&x=0&y=0
  ⏳ 次のキーワード検索まで約 11 秒待機します...
[4/5] 検索を実行しています: https://websearch.rakuten.co.jp/Web?qt=%E9%80%9F%E3%81%97%E3%81%BE%E3%81%99%E3%80%82&query=%E9%80%9F%E3%81%97%E3%81%BE%E3%81%99%E3%80%82&ref=top&col=OW&svx=101210&x=0&y=0
  ⏳ 次のキーワード検索まで約 15 秒待機します...
[5/5] 検索を実行しています: https://websearch.rakuten.co.jp/Web?qt=837%20%E6%B3%95%E6%95%99%E8%82%B2%E3%81%A8%E4%BA%BA%E6%A8%A9%E6%93%81%E8%AD%B7%E6%B4%BB%E5%8B%95%E3%81%AE%E6%8E%A8%E9%80%B2&query=837%20%E6%B3%95%E6%95%99%E8%82%B2%E3%81%A8%E4%BA%BA%E6%A8%A9%E6%93%81%E8%AD%B7%E6%B4%BB%E5%8B%95%E3%81%AE%E6%8E%A8%E9%80%B2&ref=top&col=OW&svx=101210&x=0&y=0
✅ 完了しました！ブラウザはこのまま手動で操作できます。（Ctrl+Cで終了すると一時的にブラウザが閉じる可能性があります）
2026年  4月 18日 土曜日 09:00:02 JST: ⏳ Waiting for 52 seconds before execution...
🔄 ChromeDriverを設定しています...
ChromeDriver Path: /home/ichikabu/opt/chrome-for-testing/147/chromedriver-linux64/chromedriver
🌐 Chromeブラウザを起動中...
🔑 楽天のログインページにアクセスしています...
📝 ログイン情報を入力しました。ログイン完了を待機中...
🎁 ラッキーくじ一覧ページを開きます...
🌐 楽天ラッキーくじ一覧を別タブで開いています...
🌐 楽天ポイント履歴を別タブで開いています...
🔄 くじのリンクを抽出して別タブで順次開きます...
📖 keywords.txt から検索キーワードを抽出します...
抽出されたくじリンクの数: 13件
[1/13] くじを別タブで開いています: https://kuji.rakuten.co.jp/list
  ⏳ 次のくじタブを開くまで約 18 秒待機します...
[2/13] くじを別タブで開いています: https://kuji.rakuten.co.jp/7393386d27
  ⏳ 次のくじタブを開くまで約 15 秒待機します...
[3/13] くじを別タブで開いています: https://kuji.rakuten.co.jp/889373540e
  ⏳ 次のくじタブを開くまで約 20 秒待機します...
[4/13] くじを別タブで開いています: https://kuji.rakuten.co.jp/4351057845/?scid=wi_grp_gmx_too_rjl
  ⏳ 次のくじタブを開くまで約 11 秒待機します...
[5/13] くじを別タブで開いています: https://kuji.rakuten.co.jp/6e7329f994
  ⏳ 次のくじタブを開くまで約 18 秒待機します...
[6/13] くじを別タブで開いています: https://kuji.rakuten.co.jp/18584163d
  ⏳ 次のくじタブを開くまで約 14 秒待機します...
[7/13] くじを別タブで開いています: https://kuji.rakuten.co.jp/c8437c01c5
  ⏳ 次のくじタブを開くまで約 12 秒待機します...
[8/13] くじを別タブで開いています: https://kuji.rakuten.co.jp/46211bf9dd
  ⏳ 次のくじタブを開くまで約 17 秒待機します...
[9/13] くじを別タブで開いています: https://kuji.rakuten.co.jp/26e390eccf?scid=wwkuji_rakuma_luckylottery
  ⏳ 次のくじタブを開くまで約 16 秒待機します...
[10/13] くじを別タブで開いています: https://kuji.rakuten.co.jp/5f93b1fd01
  ⏳ 次のくじタブを開くまで約 14 秒待機します...
[11/13] くじを別タブで開いています: https://kuji.rakuten.co.jp/86c40aca5f/
  ⏳ 次のくじタブを開くまで約 19 秒待機します...
[12/13] くじを別タブで開いています: https://kuji.rakuten.co.jp/7e14010b80/
  ⏳ 次のくじタブを開くまで約 16 秒待機します...
[13/13] くじを別タブで開いています: https://kuji.rakuten.co.jp/e5741cf5af
  ⏳ 次のくじタブを開くまで約 19 秒待機します...
🔍 キーワード検索の前に、Web検索のトップページでログイン連携を行います...
🔗 「ログイン」ボタンを検知しました。クリックして認証状態を紐付けます...
🔍 続いて、キーワード検索（合計 5 件）を同一タブで実行します...
[1/5] 検索を実行しています: https://websearch.rakuten.co.jp/Web?qt=539%20%E8%87%AA%E6%AE%BA%E5%AF%BE%E7%AD%96%E3%81%AE%E5%BC%B7%E5%8C%96&query=539%20%E8%87%AA%E6%AE%BA%E5%AF%BE%E7%AD%96%E3%81%AE%E5%BC%B7%E5%8C%96&ref=top&col=OW&svx=101210&x=0&y=0
  ⏳ 次のキーワード検索まで約 15 秒待機します...
[2/5] 検索を実行しています: https://websearch.rakuten.co.jp/Web?qt=%E5%9B%BD%E6%B0%91%E6%9C%AC%E4%BD%8D%E3%81%AE%E5%8A%B9%E7%8E%87%E7%9A%84%E3%81%A7%E8%B3%AA%E3%81%AE%E9%AB%98%E3%81%84%E8%A1%8C%E6%94%BF%E3%82%92%E5%AE%9F%E7%8F%BE%E3%81%99%E3%82%8B&query=%E5%9B%BD%E6%B0%91%E6%9C%AC%E4%BD%8D%E3%81%AE%E5%8A%B9%E7%8E%87%E7%9A%84%E3%81%A7%E8%B3%AA%E3%81%AE%E9%AB%98%E3%81%84%E8%A1%8C%E6%94%BF%E3%82%92%E5%AE%9F%E7%8F%BE%E3%81%99%E3%82%8B&ref=top&col=OW&svx=101210&x=0&y=0
  ⏳ 次のキーワード検索まで約 12 秒待機します...
[3/5] 検索を実行しています: https://websearch.rakuten.co.jp/Web?qt=%E3%83%A9%E3%82%A4%E3%83%95%E3%82%B9%E3%83%86%E3%83%BC%E3%82%B8%E3%81%AE%E5%90%84%E6%AE%B5%E9%9A%8E%E3%82%84%E3%80%8C%E6%96%B0%E3%81%9F%E3%81%AA%E6%97%A5%E5%B8%B8%E3%80%8D%E3%82%84&query=%E3%83%A9%E3%82%A4%E3%83%95%E3%82%B9%E3%83%86%E3%83%BC%E3%82%B8%E3%81%AE%E5%90%84%E6%AE%B5%E9%9A%8E%E3%82%84%E3%80%8C%E6%96%B0%E3%81%9F%E3%81%AA%E6%97%A5%E5%B8%B8%E3%80%8D%E3%82%84&ref=top&col=OW&svx=101210&x=0&y=0
  ⏳ 次のキーワード検索まで約 16 秒待機します...
[4/5] 検索を実行しています: https://websearch.rakuten.co.jp/Web?qt=%E3%81%97%E3%81%BE%E3%81%99%E3%80%82&query=%E3%81%97%E3%81%BE%E3%81%99%E3%80%82&ref=top&col=OW&svx=101210&x=0&y=0
  ⏳ 次のキーワード検索まで約 16 秒待機します...
[5/5] 検索を実行しています: https://websearch.rakuten.co.jp/Web?qt=%E5%BD%A2%E3%81%A7%E6%8B%A1%E5%85%85%E3%81%97%E3%81%BE%E3%81%99%E3%80%82&query=%E5%BD%A2%E3%81%A7%E6%8B%A1%E5%85%85%E3%81%97%E3%81%BE%E3%81%99%E3%80%82&ref=top&col=OW&svx=101210&x=0&y=0
✅ 完了しました！ブラウザはこのまま手動で操作できます。（Ctrl+Cで終了すると一時的にブラウザが閉じる可能性があります）
2026年  4月 19日 日曜日 09:00:01 JST: ⏳ Waiting for 2854 seconds before execution...
🔄 ChromeDriverを設定しています...
🔑 楽天のログインページにアクセスしています...
📝 ログイン情報を入力しました。ログイン完了を待機中...
🔄 ポイント履歴のページを待機しています...
✅ ポイント履歴テーブルのHTMLを保存しました (point_history_sample.html)
🔍 パース成功: 30件のポイント履歴を検出しました。
✅ DB保存完了: 新規 30件, 更新 0件 (上位30件中)
❌ CSVのエクスポート中にエラーが発生しました: EIO: i/o error, open '/mnt/d/drive/マイドライブ/rpoint/histories.csv'
🔄 くじのリンクを抽出して別タブで順次開きます...
抽出されたくじリンクの数: 13件
[1/13] くじを別タブで開いています: https://kuji.rakuten.co.jp/list
  ⏳ 次のくじタブを開くまで約 11 秒待機します...
[2/13] くじを別タブで開いています: https://kuji.rakuten.co.jp/7393386d27
  ⏳ 次のくじタブを開くまで約 9 秒待機します...
[3/13] くじを別タブで開いています: https://kuji.rakuten.co.jp/889373540e
  ⏳ 次のくじタブを開くまで約 9 秒待機します...
[4/13] くじを別タブで開いています: https://kuji.rakuten.co.jp/4351057845/?scid=wi_grp_gmx_too_rjl
  ⏳ 次のくじタブを開くまで約 17 秒待機します...
[5/13] くじを別タブで開いています: https://kuji.rakuten.co.jp/6e7329f994
  ⏳ 次のくじタブを開くまで約 8 秒待機します...
[6/13] くじを別タブで開いています: https://kuji.rakuten.co.jp/18584163d
  ⏳ 次のくじタブを開くまで約 18 秒待機します...
[7/13] くじを別タブで開いています: https://kuji.rakuten.co.jp/c8437c01c5
  ⏳ 次のくじタブを開くまで約 18 秒待機します...
[8/13] くじを別タブで開いています: https://kuji.rakuten.co.jp/46211bf9dd
  ⏳ 次のくじタブを開くまで約 15 秒待機します...
[9/13] くじを別タブで開いています: https://kuji.rakuten.co.jp/26e390eccf?scid=wwkuji_rakuma_luckylottery
  ⏳ 次のくじタブを開くまで約 11 秒待機します...
[10/13] くじを別タブで開いています: https://kuji.rakuten.co.jp/5f93b1fd01
  ⏳ 次のくじタブを開くまで約 15 秒待機します...
[11/13] くじを別タブで開いています: https://kuji.rakuten.co.jp/86c40aca5f/
  ⏳ 次のくじタブを開くまで約 4 秒待機します...
[12/13] くじを別タブで開いています: https://kuji.rakuten.co.jp/7e14010b80/
  ⏳ 次のくじタブを開くまで約 11 秒待機します...
[13/13] くじを別タブで開いています: https://kuji.rakuten.co.jp/e5741cf5af
  ⏳ 次のくじタブを開くまで約 11 秒待機します...
🔍 キーワード検索の前に、Web検索のトップページでログイン連携を行います...
🔗 「ログイン」ボタンを検知しました。クリックして認証状態を紐付けます...
🔍 続いて、キーワード検索（合計 5 件）を同一タブで実行します...
[1/5] 検索を実行しています: https://websearch.rakuten.co.jp/Web?qt=%E6%88%A6%E7%95%A5%E3%82%92%E5%8F%96%E3%82%8A%E3%81%BE%E3%81%A8%E3%82%81%E3%81%BE%E3%81%99%E3%80%82&query=%E6%88%A6%E7%95%A5%E3%82%92%E5%8F%96%E3%82%8A%E3%81%BE%E3%81%A8%E3%82%81%E3%81%BE%E3%81%99%E3%80%82&ref=top&col=OW&svx=101210&x=0&y=0
  ⏳ 次のキーワード検索まで約 18 秒待機します...
[2/5] 検索を実行しています: https://websearch.rakuten.co.jp/Web?qt=%E5%AE%89%E5%85%A8%E3%83%BB%E5%AE%89%E5%BF%83%E3%81%8C%E7%A2%BA%E4%BF%9D%E3%81%95%E3%82%8C%E3%81%9F%E7%A4%BE%E4%BC%9A%E3%82%92%E6%A7%8B%E7%AF%89%E3%81%97%E3%81%BE%E3%81%99%E3%80%82&query=%E5%AE%89%E5%85%A8%E3%83%BB%E5%AE%89%E5%BF%83%E3%81%8C%E7%A2%BA%E4%BF%9D%E3%81%95%E3%82%8C%E3%81%9F%E7%A4%BE%E4%BC%9A%E3%82%92%E6%A7%8B%E7%AF%89%E3%81%97%E3%81%BE%E3%81%99%E3%80%82&ref=top&col=OW&svx=101210&x=0&y=0
  ⏳ 次のキーワード検索まで約 16 秒待機します...
[3/5] 検索を実行しています: https://websearch.rakuten.co.jp/Web?qt=%E3%82%A4%E3%82%AF%E3%83%AB%E3%82%92%E5%9B%9E%E3%81%97%E3%81%BE%E3%81%99%E3%80%82&query=%E3%82%A4%E3%82%AF%E3%83%AB%E3%82%92%E5%9B%9E%E3%81%97%E3%81%BE%E3%81%99%E3%80%82&ref=top&col=OW&svx=101210&x=0&y=0
  ⏳ 次のキーワード検索まで約 14 秒待機します...
[4/5] 検索を実行しています: https://websearch.rakuten.co.jp/Web?qt=662%20%E6%94%B9%E6%AD%A3%E5%A5%B3%E6%80%A7%E6%B4%BB%E8%BA%8D%E6%8E%A8%E9%80%B2%E6%B3%95%E3%81%AE%E7%9D%80%E5%AE%9F%E3%81%AA%E6%96%BD%E8%A1%8C&query=662%20%E6%94%B9%E6%AD%A3%E5%A5%B3%E6%80%A7%E6%B4%BB%E8%BA%8D%E6%8E%A8%E9%80%B2%E6%B3%95%E3%81%AE%E7%9D%80%E5%AE%9F%E3%81%AA%E6%96%BD%E8%A1%8C&ref=top&col=OW&svx=101210&x=0&y=0
  ⏳ 次のキーワード検索まで約 13 秒待機します...
[5/5] 検索を実行しています: https://websearch.rakuten.co.jp/Web?qt=%E6%AC%A1%E4%B8%96%E4%BB%A3%E5%9E%8B%E5%A4%AA%E9%99%BD%E9%9B%BB%E6%B1%A0%E3%80%81%E6%B5%AE%E4%BD%93%E5%BC%8F%E6%B4%8B%E4%B8%8A%E9%A2%A8%E5%8A%9B%E3%80%81%E6%AC%A1%E4%B8%96%E4%BB%A3&query=%E6%AC%A1%E4%B8%96%E4%BB%A3%E5%9E%8B%E5%A4%AA%E9%99%BD%E9%9B%BB%E6%B1%A0%E3%80%81%E6%B5%AE%E4%BD%93%E5%BC%8F%E6%B4%8B%E4%B8%8A%E9%A2%A8%E5%8A%9B%E3%80%81%E6%AC%A1%E4%B8%96%E4%BB%A3&ref=top&col=OW&svx=101210&x=0&y=0
✅ 完了しました！ブラウザはこのまま手動で操作できます。（Ctrl+Cで終了すると一時的にブラウザが閉じる可能性があります）
